2023-02-24 19:00:25 [http-nio-8080-exec-2] DEBUG o.h.SQL                                            - 
    select
        user0_.id as id1_7_,
        user0_.avatar_url as avatar_u2_7_,
        user0_.`birth_date` as birth_da3_7_,
        user0_.`email` as email4_7_,
        user0_.`first_name` as first_na5_7_,
        user0_.`gender` as gender6_7_,
        user0_.`last_name` as last_nam7_7_,
        user0_.`password` as password8_7_,
        user0_.phone as phone9_7_,
        user0_.`status` as status10_7_,
        user0_.`user_name` as user_na11_7_,
        concat(user0_.first_name,
        ' ',
        user0_.last_name) as formula1_ 
    from
        `User` user0_ 
    where
        user0_.`user_name`=? 
2023-02-24 19:00:25 [http-nio-8080-exec-2] TRACE o.h.t.d.s.BasicBinder                              - binding parameter [1] as [VARCHAR] - [truongcoi1] 
2023-02-24 19:00:25 [http-nio-8080-exec-2] DEBUG o.h.SQL                                            - 
    select
        point0_.id as id1_1_1_,
        point0_.point as point2_1_1_,
        point0_.user_id as user_id3_1_1_,
        user1_.id as id1_7_0_,
        user1_.avatar_url as avatar_u2_7_0_,
        user1_.`birth_date` as birth_da3_7_0_,
        user1_.`email` as email4_7_0_,
        user1_.`first_name` as first_na5_7_0_,
        user1_.`gender` as gender6_7_0_,
        user1_.`last_name` as last_nam7_7_0_,
        user1_.`password` as password8_7_0_,
        user1_.phone as phone9_7_0_,
        user1_.`status` as status10_7_0_,
        user1_.`user_name` as user_na11_7_0_,
        concat(user1_.first_name,
        ' ',
        user1_.last_name) as formula1_0_ 
    from
        `Point` point0_ 
    inner join
        `User` user1_ 
            on point0_.user_id=user1_.id 
    where
        point0_.user_id=? 
2023-02-24 19:00:25 [http-nio-8080-exec-2] TRACE o.h.t.d.s.BasicBinder                              - binding parameter [1] as [INTEGER] - [1] 
2023-02-24 19:00:25 [http-nio-8080-exec-2] DEBUG o.h.SQL                                            - 
    select
        user0_.id as id1_7_,
        user0_.avatar_url as avatar_u2_7_,
        user0_.`birth_date` as birth_da3_7_,
        user0_.`email` as email4_7_,
        user0_.`first_name` as first_na5_7_,
        user0_.`gender` as gender6_7_,
        user0_.`last_name` as last_nam7_7_,
        user0_.`password` as password8_7_,
        user0_.phone as phone9_7_,
        user0_.`status` as status10_7_,
        user0_.`user_name` as user_na11_7_,
        concat(user0_.first_name,
        ' ',
        user0_.last_name) as formula1_ 
    from
        `User` user0_ 
    where
        user0_.`user_name`=? 
2023-02-24 19:00:25 [http-nio-8080-exec-2] TRACE o.h.t.d.s.BasicBinder                              - binding parameter [1] as [VARCHAR] - [truongcoi1] 
2023-02-24 19:00:25 [http-nio-8080-exec-2] DEBUG o.h.SQL                                            - 
    select
        point0_.id as id1_1_1_,
        point0_.point as point2_1_1_,
        point0_.user_id as user_id3_1_1_,
        user1_.id as id1_7_0_,
        user1_.avatar_url as avatar_u2_7_0_,
        user1_.`birth_date` as birth_da3_7_0_,
        user1_.`email` as email4_7_0_,
        user1_.`first_name` as first_na5_7_0_,
        user1_.`gender` as gender6_7_0_,
        user1_.`last_name` as last_nam7_7_0_,
        user1_.`password` as password8_7_0_,
        user1_.phone as phone9_7_0_,
        user1_.`status` as status10_7_0_,
        user1_.`user_name` as user_na11_7_0_,
        concat(user1_.first_name,
        ' ',
        user1_.last_name) as formula1_0_ 
    from
        `Point` point0_ 
    inner join
        `User` user1_ 
            on point0_.user_id=user1_.id 
    where
        point0_.user_id=? 
2023-02-24 19:00:25 [http-nio-8080-exec-2] TRACE o.h.t.d.s.BasicBinder                              - binding parameter [1] as [INTEGER] - [1] 
2023-02-24 19:01:31 [http-nio-8080-exec-4] DEBUG o.h.SQL                                            - 
    select
        recipe0_.`id` as id1_2_,
        recipe0_.`create_date` as create_d2_2_,
        recipe0_.`creator_id` as creator10_2_,
        recipe0_.`description` as descript3_2_,
        recipe0_.`image_url` as image_ur4_2_,
        recipe0_.`name` as name5_2_,
        recipe0_.`note` as note6_2_,
        recipe0_.`point` as point7_2_,
        recipe0_.`processing_steps` as processi8_2_,
        recipe0_.`views` as views9_2_ 
    from
        `Recipe` recipe0_ 
    where
        recipe0_.`name` like ? escape ? 
2023-02-24 19:01:31 [http-nio-8080-exec-4] TRACE o.h.t.d.s.BasicBinder                              - binding parameter [1] as [VARCHAR] - [%cơm%] 
2023-02-24 19:01:31 [http-nio-8080-exec-4] TRACE o.h.t.d.s.BasicBinder                              - binding parameter [2] as [CHAR] - [\] 
2023-02-24 19:01:45 [http-nio-8080-exec-5] DEBUG o.h.SQL                                            - 
    select
        recipe0_.`id` as id1_2_,
        recipe0_.`create_date` as create_d2_2_,
        recipe0_.`creator_id` as creator10_2_,
        recipe0_.`description` as descript3_2_,
        recipe0_.`image_url` as image_ur4_2_,
        recipe0_.`name` as name5_2_,
        recipe0_.`note` as note6_2_,
        recipe0_.`point` as point7_2_,
        recipe0_.`processing_steps` as processi8_2_,
        recipe0_.`views` as views9_2_ 
    from
        `Recipe` recipe0_ 
    where
        recipe0_.`name` like ? escape ? 
2023-02-24 19:01:45 [http-nio-8080-exec-5] TRACE o.h.t.d.s.BasicBinder                              - binding parameter [1] as [VARCHAR] - [%ngô%] 
2023-02-24 19:01:45 [http-nio-8080-exec-5] TRACE o.h.t.d.s.BasicBinder                              - binding parameter [2] as [CHAR] - [\] 
2023-02-24 19:01:45 [http-nio-8080-exec-5] DEBUG o.h.SQL                                            - 
    select
        user0_.id as id1_7_0_,
        user0_.avatar_url as avatar_u2_7_0_,
        user0_.`birth_date` as birth_da3_7_0_,
        user0_.`email` as email4_7_0_,
        user0_.`first_name` as first_na5_7_0_,
        user0_.`gender` as gender6_7_0_,
        user0_.`last_name` as last_nam7_7_0_,
        user0_.`password` as password8_7_0_,
        user0_.phone as phone9_7_0_,
        user0_.`status` as status10_7_0_,
        user0_.`user_name` as user_na11_7_0_,
        concat(user0_.first_name,
        ' ',
        user0_.last_name) as formula1_0_,
        point1_.id as id1_1_1_,
        point1_.point as point2_1_1_,
        point1_.user_id as user_id3_1_1_ 
    from
        `User` user0_ 
    left outer join
        `Point` point1_ 
            on user0_.id=point1_.user_id 
    where
        user0_.id=? 
2023-02-24 19:01:45 [http-nio-8080-exec-5] TRACE o.h.t.d.s.BasicBinder                              - binding parameter [1] as [INTEGER] - [1] 
2023-02-24 19:01:45 [http-nio-8080-exec-5] DEBUG o.h.SQL                                            - 
    select
        ingredient0_.`recipe_id` as recipe_i5_4_0_,
        ingredient0_.id as id1_4_0_,
        ingredient0_.id as id1_4_1_,
        ingredient0_.`amount` as amount2_4_1_,
        ingredient0_.`name` as name3_4_1_,
        ingredient0_.`recipe_id` as recipe_i5_4_1_,
        ingredient0_.`unit` as unit4_4_1_ 
    from
        `Recipe_Ingredient` ingredient0_ 
    where
        ingredient0_.`recipe_id`=? 
2023-02-24 19:01:45 [http-nio-8080-exec-5] TRACE o.h.t.d.s.BasicBinder                              - binding parameter [1] as [INTEGER] - [2] 
2023-02-24 19:01:45 [http-nio-8080-exec-5] DEBUG o.h.SQL                                            - 
    select
        ingredient0_.`recipe_id` as recipe_i5_4_0_,
        ingredient0_.id as id1_4_0_,
        ingredient0_.id as id1_4_1_,
        ingredient0_.`amount` as amount2_4_1_,
        ingredient0_.`name` as name3_4_1_,
        ingredient0_.`recipe_id` as recipe_i5_4_1_,
        ingredient0_.`unit` as unit4_4_1_ 
    from
        `Recipe_Ingredient` ingredient0_ 
    where
        ingredient0_.`recipe_id`=? 
2023-02-24 19:01:45 [http-nio-8080-exec-5] TRACE o.h.t.d.s.BasicBinder                              - binding parameter [1] as [INTEGER] - [1] 
2023-02-24 19:01:45 [http-nio-8080-exec-5] DEBUG o.h.SQL                                            - 
    select
        comments0_.recipe_id as recipe_i1_0_0_,
        comments0_.user_id as user_id2_0_0_,
        comments0_.recipe_id as recipe_i1_0_1_,
        comments0_.user_id as user_id2_0_1_,
        comments0_.`comment` as comment3_0_1_,
        comments0_.`create_date` as create_d4_0_1_,
        comments0_.`update_date` as update_d5_0_1_,
        user1_.id as id1_7_2_,
        user1_.avatar_url as avatar_u2_7_2_,
        user1_.`birth_date` as birth_da3_7_2_,
        user1_.`email` as email4_7_2_,
        user1_.`first_name` as first_na5_7_2_,
        user1_.`gender` as gender6_7_2_,
        user1_.`last_name` as last_nam7_7_2_,
        user1_.`password` as password8_7_2_,
        user1_.phone as phone9_7_2_,
        user1_.`status` as status10_7_2_,
        user1_.`user_name` as user_na11_7_2_,
        concat(user1_.first_name,
        ' ',
        user1_.last_name) as formula1_2_,
        point2_.id as id1_1_3_,
        point2_.point as point2_1_3_,
        point2_.user_id as user_id3_1_3_ 
    from
        `Comment` comments0_ 
    inner join
        `User` user1_ 
            on comments0_.user_id=user1_.id 
    left outer join
        `Point` point2_ 
            on user1_.id=point2_.user_id 
    where
        comments0_.recipe_id=? 
2023-02-24 19:01:45 [http-nio-8080-exec-5] TRACE o.h.t.d.s.BasicBinder                              - binding parameter [1] as [INTEGER] - [1] 
2023-02-24 19:01:45 [http-nio-8080-exec-5] DEBUG o.h.SQL                                            - 
    select
        comments0_.recipe_id as recipe_i1_0_0_,
        comments0_.user_id as user_id2_0_0_,
        comments0_.recipe_id as recipe_i1_0_1_,
        comments0_.user_id as user_id2_0_1_,
        comments0_.`comment` as comment3_0_1_,
        comments0_.`create_date` as create_d4_0_1_,
        comments0_.`update_date` as update_d5_0_1_,
        user1_.id as id1_7_2_,
        user1_.avatar_url as avatar_u2_7_2_,
        user1_.`birth_date` as birth_da3_7_2_,
        user1_.`email` as email4_7_2_,
        user1_.`first_name` as first_na5_7_2_,
        user1_.`gender` as gender6_7_2_,
        user1_.`last_name` as last_nam7_7_2_,
        user1_.`password` as password8_7_2_,
        user1_.phone as phone9_7_2_,
        user1_.`status` as status10_7_2_,
        user1_.`user_name` as user_na11_7_2_,
        concat(user1_.first_name,
        ' ',
        user1_.last_name) as formula1_2_,
        point2_.id as id1_1_3_,
        point2_.point as point2_1_3_,
        point2_.user_id as user_id3_1_3_ 
    from
        `Comment` comments0_ 
    inner join
        `User` user1_ 
            on comments0_.user_id=user1_.id 
    left outer join
        `Point` point2_ 
            on user1_.id=point2_.user_id 
    where
        comments0_.recipe_id=? 
2023-02-24 19:01:45 [http-nio-8080-exec-5] TRACE o.h.t.d.s.BasicBinder                              - binding parameter [1] as [INTEGER] - [2] 
2023-02-24 19:16:35 [http-nio-8080-exec-9] DEBUG o.h.SQL                                            - 
    select
        recipe0_.`id` as id1_2_,
        recipe0_.`create_date` as create_d2_2_,
        recipe0_.`creator_id` as creator10_2_,
        recipe0_.`description` as descript3_2_,
        recipe0_.`image_url` as image_ur4_2_,
        recipe0_.`name` as name5_2_,
        recipe0_.`note` as note6_2_,
        recipe0_.`point` as point7_2_,
        recipe0_.`processing_steps` as processi8_2_,
        recipe0_.`views` as views9_2_ 
    from
        `Recipe` recipe0_ limit ? 
2023-02-24 19:16:35 [http-nio-8080-exec-9] DEBUG o.h.SQL                                            - 
    select
        user0_.id as id1_7_0_,
        user0_.avatar_url as avatar_u2_7_0_,
        user0_.`birth_date` as birth_da3_7_0_,
        user0_.`email` as email4_7_0_,
        user0_.`first_name` as first_na5_7_0_,
        user0_.`gender` as gender6_7_0_,
        user0_.`last_name` as last_nam7_7_0_,
        user0_.`password` as password8_7_0_,
        user0_.phone as phone9_7_0_,
        user0_.`status` as status10_7_0_,
        user0_.`user_name` as user_na11_7_0_,
        concat(user0_.first_name,
        ' ',
        user0_.last_name) as formula1_0_,
        point1_.id as id1_1_1_,
        point1_.point as point2_1_1_,
        point1_.user_id as user_id3_1_1_ 
    from
        `User` user0_ 
    left outer join
        `Point` point1_ 
            on user0_.id=point1_.user_id 
    where
        user0_.id=? 
2023-02-24 19:16:35 [http-nio-8080-exec-9] TRACE o.h.t.d.s.BasicBinder                              - binding parameter [1] as [INTEGER] - [1] 
2023-02-24 19:16:35 [http-nio-8080-exec-9] DEBUG o.h.SQL                                            - 
    select
        ingredient0_.`recipe_id` as recipe_i5_4_0_,
        ingredient0_.id as id1_4_0_,
        ingredient0_.id as id1_4_1_,
        ingredient0_.`amount` as amount2_4_1_,
        ingredient0_.`name` as name3_4_1_,
        ingredient0_.`recipe_id` as recipe_i5_4_1_,
        ingredient0_.`unit` as unit4_4_1_ 
    from
        `Recipe_Ingredient` ingredient0_ 
    where
        ingredient0_.`recipe_id`=? 
2023-02-24 19:16:35 [http-nio-8080-exec-9] TRACE o.h.t.d.s.BasicBinder                              - binding parameter [1] as [INTEGER] - [2] 
2023-02-24 19:16:35 [http-nio-8080-exec-9] DEBUG o.h.SQL                                            - 
    select
        ingredient0_.`recipe_id` as recipe_i5_4_0_,
        ingredient0_.id as id1_4_0_,
        ingredient0_.id as id1_4_1_,
        ingredient0_.`amount` as amount2_4_1_,
        ingredient0_.`name` as name3_4_1_,
        ingredient0_.`recipe_id` as recipe_i5_4_1_,
        ingredient0_.`unit` as unit4_4_1_ 
    from
        `Recipe_Ingredient` ingredient0_ 
    where
        ingredient0_.`recipe_id`=? 
2023-02-24 19:16:35 [http-nio-8080-exec-9] TRACE o.h.t.d.s.BasicBinder                              - binding parameter [1] as [INTEGER] - [1] 
2023-02-24 19:16:35 [http-nio-8080-exec-9] DEBUG o.h.SQL                                            - 
    select
        comments0_.recipe_id as recipe_i1_0_0_,
        comments0_.user_id as user_id2_0_0_,
        comments0_.recipe_id as recipe_i1_0_1_,
        comments0_.user_id as user_id2_0_1_,
        comments0_.`comment` as comment3_0_1_,
        comments0_.`create_date` as create_d4_0_1_,
        comments0_.`update_date` as update_d5_0_1_,
        user1_.id as id1_7_2_,
        user1_.avatar_url as avatar_u2_7_2_,
        user1_.`birth_date` as birth_da3_7_2_,
        user1_.`email` as email4_7_2_,
        user1_.`first_name` as first_na5_7_2_,
        user1_.`gender` as gender6_7_2_,
        user1_.`last_name` as last_nam7_7_2_,
        user1_.`password` as password8_7_2_,
        user1_.phone as phone9_7_2_,
        user1_.`status` as status10_7_2_,
        user1_.`user_name` as user_na11_7_2_,
        concat(user1_.first_name,
        ' ',
        user1_.last_name) as formula1_2_,
        point2_.id as id1_1_3_,
        point2_.point as point2_1_3_,
        point2_.user_id as user_id3_1_3_ 
    from
        `Comment` comments0_ 
    inner join
        `User` user1_ 
            on comments0_.user_id=user1_.id 
    left outer join
        `Point` point2_ 
            on user1_.id=point2_.user_id 
    where
        comments0_.recipe_id=? 
2023-02-24 19:16:35 [http-nio-8080-exec-9] TRACE o.h.t.d.s.BasicBinder                              - binding parameter [1] as [INTEGER] - [1] 
2023-02-24 19:16:35 [http-nio-8080-exec-9] DEBUG o.h.SQL                                            - 
    select
        comments0_.recipe_id as recipe_i1_0_0_,
        comments0_.user_id as user_id2_0_0_,
        comments0_.recipe_id as recipe_i1_0_1_,
        comments0_.user_id as user_id2_0_1_,
        comments0_.`comment` as comment3_0_1_,
        comments0_.`create_date` as create_d4_0_1_,
        comments0_.`update_date` as update_d5_0_1_,
        user1_.id as id1_7_2_,
        user1_.avatar_url as avatar_u2_7_2_,
        user1_.`birth_date` as birth_da3_7_2_,
        user1_.`email` as email4_7_2_,
        user1_.`first_name` as first_na5_7_2_,
        user1_.`gender` as gender6_7_2_,
        user1_.`last_name` as last_nam7_7_2_,
        user1_.`password` as password8_7_2_,
        user1_.phone as phone9_7_2_,
        user1_.`status` as status10_7_2_,
        user1_.`user_name` as user_na11_7_2_,
        concat(user1_.first_name,
        ' ',
        user1_.last_name) as formula1_2_,
        point2_.id as id1_1_3_,
        point2_.point as point2_1_3_,
        point2_.user_id as user_id3_1_3_ 
    from
        `Comment` comments0_ 
    inner join
        `User` user1_ 
            on comments0_.user_id=user1_.id 
    left outer join
        `Point` point2_ 
            on user1_.id=point2_.user_id 
    where
        comments0_.recipe_id=? 
2023-02-24 19:16:35 [http-nio-8080-exec-9] TRACE o.h.t.d.s.BasicBinder                              - binding parameter [1] as [INTEGER] - [2] 
2023-02-24 19:16:53 [http-nio-8080-exec-10] DEBUG o.h.SQL                                            - 
    select
        recipe0_.`id` as id1_2_,
        recipe0_.`create_date` as create_d2_2_,
        recipe0_.`creator_id` as creator10_2_,
        recipe0_.`description` as descript3_2_,
        recipe0_.`image_url` as image_ur4_2_,
        recipe0_.`name` as name5_2_,
        recipe0_.`note` as note6_2_,
        recipe0_.`point` as point7_2_,
        recipe0_.`processing_steps` as processi8_2_,
        recipe0_.`views` as views9_2_ 
    from
        `Recipe` recipe0_ limit ? 
2023-02-24 19:16:53 [http-nio-8080-exec-10] DEBUG o.h.SQL                                            - 
    select
        user0_.id as id1_7_0_,
        user0_.avatar_url as avatar_u2_7_0_,
        user0_.`birth_date` as birth_da3_7_0_,
        user0_.`email` as email4_7_0_,
        user0_.`first_name` as first_na5_7_0_,
        user0_.`gender` as gender6_7_0_,
        user0_.`last_name` as last_nam7_7_0_,
        user0_.`password` as password8_7_0_,
        user0_.phone as phone9_7_0_,
        user0_.`status` as status10_7_0_,
        user0_.`user_name` as user_na11_7_0_,
        concat(user0_.first_name,
        ' ',
        user0_.last_name) as formula1_0_,
        point1_.id as id1_1_1_,
        point1_.point as point2_1_1_,
        point1_.user_id as user_id3_1_1_ 
    from
        `User` user0_ 
    left outer join
        `Point` point1_ 
            on user0_.id=point1_.user_id 
    where
        user0_.id=? 
2023-02-24 19:16:53 [http-nio-8080-exec-10] TRACE o.h.t.d.s.BasicBinder                              - binding parameter [1] as [INTEGER] - [1] 
2023-02-24 19:16:53 [http-nio-8080-exec-10] DEBUG o.h.SQL                                            - 
    select
        ingredient0_.`recipe_id` as recipe_i5_4_0_,
        ingredient0_.id as id1_4_0_,
        ingredient0_.id as id1_4_1_,
        ingredient0_.`amount` as amount2_4_1_,
        ingredient0_.`name` as name3_4_1_,
        ingredient0_.`recipe_id` as recipe_i5_4_1_,
        ingredient0_.`unit` as unit4_4_1_ 
    from
        `Recipe_Ingredient` ingredient0_ 
    where
        ingredient0_.`recipe_id`=? 
2023-02-24 19:16:53 [http-nio-8080-exec-10] TRACE o.h.t.d.s.BasicBinder                              - binding parameter [1] as [INTEGER] - [1] 
2023-02-24 19:16:53 [http-nio-8080-exec-10] DEBUG o.h.SQL                                            - 
    select
        count(recipe0_.`id`) as col_0_0_ 
    from
        `Recipe` recipe0_ 
2023-02-24 19:16:53 [http-nio-8080-exec-10] DEBUG o.h.SQL                                            - 
    select
        comments0_.recipe_id as recipe_i1_0_0_,
        comments0_.user_id as user_id2_0_0_,
        comments0_.recipe_id as recipe_i1_0_1_,
        comments0_.user_id as user_id2_0_1_,
        comments0_.`comment` as comment3_0_1_,
        comments0_.`create_date` as create_d4_0_1_,
        comments0_.`update_date` as update_d5_0_1_,
        user1_.id as id1_7_2_,
        user1_.avatar_url as avatar_u2_7_2_,
        user1_.`birth_date` as birth_da3_7_2_,
        user1_.`email` as email4_7_2_,
        user1_.`first_name` as first_na5_7_2_,
        user1_.`gender` as gender6_7_2_,
        user1_.`last_name` as last_nam7_7_2_,
        user1_.`password` as password8_7_2_,
        user1_.phone as phone9_7_2_,
        user1_.`status` as status10_7_2_,
        user1_.`user_name` as user_na11_7_2_,
        concat(user1_.first_name,
        ' ',
        user1_.last_name) as formula1_2_,
        point2_.id as id1_1_3_,
        point2_.point as point2_1_3_,
        point2_.user_id as user_id3_1_3_ 
    from
        `Comment` comments0_ 
    inner join
        `User` user1_ 
            on comments0_.user_id=user1_.id 
    left outer join
        `Point` point2_ 
            on user1_.id=point2_.user_id 
    where
        comments0_.recipe_id=? 
2023-02-24 19:16:53 [http-nio-8080-exec-10] TRACE o.h.t.d.s.BasicBinder                              - binding parameter [1] as [INTEGER] - [1] 
2023-02-24 19:17:07 [http-nio-8080-exec-1] ERROR o.a.c.c.C.[.[.[.[dispatcherServlet]                - Servlet.service() for servlet [dispatcherServlet] in context with path [] threw exception [Request processing failed; nested exception is org.springframework.data.mapping.PropertyReferenceException: No property 2 found for type Recipe! Did you mean 'id'?] with root cause 
org.springframework.data.mapping.PropertyReferenceException: No property 2 found for type Recipe! Did you mean 'id'?
	at org.springframework.data.mapping.PropertyPath.<init>(PropertyPath.java:90) ~[spring-data-commons-2.6.0.jar:2.6.0]
	at org.springframework.data.mapping.PropertyPath.create(PropertyPath.java:437) ~[spring-data-commons-2.6.0.jar:2.6.0]
	at org.springframework.data.mapping.PropertyPath.create(PropertyPath.java:413) ~[spring-data-commons-2.6.0.jar:2.6.0]
	at org.springframework.data.mapping.PropertyPath.lambda$from$0(PropertyPath.java:366) ~[spring-data-commons-2.6.0.jar:2.6.0]
	at java.util.concurrent.ConcurrentMap.computeIfAbsent(ConcurrentMap.java:330) ~[?:?]
	at org.springframework.data.mapping.PropertyPath.from(PropertyPath.java:348) ~[spring-data-commons-2.6.0.jar:2.6.0]
	at org.springframework.data.mapping.PropertyPath.from(PropertyPath.java:331) ~[spring-data-commons-2.6.0.jar:2.6.0]
	at org.springframework.data.jpa.repository.query.QueryUtils.toJpaOrder(QueryUtils.java:601) ~[spring-data-jpa-2.6.0.jar:2.6.0]
	at org.springframework.data.jpa.repository.query.QueryUtils.toOrders(QueryUtils.java:554) ~[spring-data-jpa-2.6.0.jar:2.6.0]
	at org.springframework.data.jpa.repository.support.SimpleJpaRepository.getQuery(SimpleJpaRepository.java:781) ~[spring-data-jpa-2.6.0.jar:2.6.0]
	at org.springframework.data.jpa.repository.support.SimpleJpaRepository.getQuery(SimpleJpaRepository.java:735) ~[spring-data-jpa-2.6.0.jar:2.6.0]
	at org.springframework.data.jpa.repository.support.SimpleJpaRepository.findAll(SimpleJpaRepository.java:487) ~[spring-data-jpa-2.6.0.jar:2.6.0]
	at jdk.internal.reflect.DirectMethodHandleAccessor.invoke(DirectMethodHandleAccessor.java:104) ~[?:?]
	at java.lang.reflect.Method.invoke(Method.java:577) ~[?:?]
	at org.springframework.data.repository.core.support.RepositoryMethodInvoker$RepositoryFragmentMethodInvoker.lambda$new$0(RepositoryMethodInvoker.java:289) ~[spring-data-commons-2.6.0.jar:2.6.0]
	at org.springframework.data.repository.core.support.RepositoryMethodInvoker.doInvoke(RepositoryMethodInvoker.java:137) ~[spring-data-commons-2.6.0.jar:2.6.0]
	at org.springframework.data.repository.core.support.RepositoryMethodInvoker.invoke(RepositoryMethodInvoker.java:121) ~[spring-data-commons-2.6.0.jar:2.6.0]
	at org.springframework.data.repository.core.support.RepositoryComposition$RepositoryFragments.invoke(RepositoryComposition.java:529) ~[spring-data-commons-2.6.0.jar:2.6.0]
	at org.springframework.data.repository.core.support.RepositoryComposition.invoke(RepositoryComposition.java:285) ~[spring-data-commons-2.6.0.jar:2.6.0]
	at org.springframework.data.repository.core.support.RepositoryFactorySupport$ImplementationMethodExecutionInterceptor.invoke(RepositoryFactorySupport.java:638) ~[spring-data-commons-2.6.0.jar:2.6.0]
	at org.springframework.aop.framework.ReflectiveMethodInvocation.proceed(ReflectiveMethodInvocation.java:186) ~[spring-aop-5.3.13.jar:5.3.13]
	at org.springframework.data.repository.core.support.QueryExecutorMethodInterceptor.doInvoke(QueryExecutorMethodInterceptor.java:163) ~[spring-data-commons-2.6.0.jar:2.6.0]
	at org.springframework.data.repository.core.support.QueryExecutorMethodInterceptor.invoke(QueryExecutorMethodInterceptor.java:138) ~[spring-data-commons-2.6.0.jar:2.6.0]
	at org.springframework.aop.framework.ReflectiveMethodInvocation.proceed(ReflectiveMethodInvocation.java:186) ~[spring-aop-5.3.13.jar:5.3.13]
	at org.springframework.data.projection.DefaultMethodInvokingMethodInterceptor.invoke(DefaultMethodInvokingMethodInterceptor.java:80) ~[spring-data-commons-2.6.0.jar:2.6.0]
	at org.springframework.aop.framework.ReflectiveMethodInvocation.proceed(ReflectiveMethodInvocation.java:186) ~[spring-aop-5.3.13.jar:5.3.13]
	at org.springframework.transaction.interceptor.TransactionInterceptor$1.proceedWithInvocation(TransactionInterceptor.java:123) ~[spring-tx-5.3.13.jar:5.3.13]
	at org.springframework.transaction.interceptor.TransactionAspectSupport.invokeWithinTransaction(TransactionAspectSupport.java:388) ~[spring-tx-5.3.13.jar:5.3.13]
	at org.springframework.transaction.interceptor.TransactionInterceptor.invoke(TransactionInterceptor.java:119) ~[spring-tx-5.3.13.jar:5.3.13]
	at org.springframework.aop.framework.ReflectiveMethodInvocation.proceed(ReflectiveMethodInvocation.java:186) ~[spring-aop-5.3.13.jar:5.3.13]
	at org.springframework.dao.support.PersistenceExceptionTranslationInterceptor.invoke(PersistenceExceptionTranslationInterceptor.java:137) ~[spring-tx-5.3.13.jar:5.3.13]
	at org.springframework.aop.framework.ReflectiveMethodInvocation.proceed(ReflectiveMethodInvocation.java:186) ~[spring-aop-5.3.13.jar:5.3.13]
	at org.springframework.data.jpa.repository.support.CrudMethodMetadataPostProcessor$CrudMethodMetadataPopulatingMethodInterceptor.invoke(CrudMethodMetadataPostProcessor.java:174) ~[spring-data-jpa-2.6.0.jar:2.6.0]
	at org.springframework.aop.framework.ReflectiveMethodInvocation.proceed(ReflectiveMethodInvocation.java:186) ~[spring-aop-5.3.13.jar:5.3.13]
	at org.springframework.aop.interceptor.ExposeInvocationInterceptor.invoke(ExposeInvocationInterceptor.java:97) ~[spring-aop-5.3.13.jar:5.3.13]
	at org.springframework.aop.framework.ReflectiveMethodInvocation.proceed(ReflectiveMethodInvocation.java:186) ~[spring-aop-5.3.13.jar:5.3.13]
	at org.springframework.aop.framework.JdkDynamicAopProxy.invoke(JdkDynamicAopProxy.java:215) ~[spring-aop-5.3.13.jar:5.3.13]
	at jdk.proxy3.$Proxy159.findAll(Unknown Source) ~[?:?]
	at com.food_recipe.service.RecipeService.getAllRecipes(RecipeService.java:58) ~[classes/:?]
	at com.food_recipe.service.RecipeService$$FastClassBySpringCGLIB$$9c7aa062.invoke(<generated>) ~[classes/:?]
	at org.springframework.cglib.proxy.MethodProxy.invoke(MethodProxy.java:218) ~[spring-core-5.3.13.jar:5.3.13]
	at org.springframework.aop.framework.CglibAopProxy$CglibMethodInvocation.invokeJoinpoint(CglibAopProxy.java:783) ~[spring-aop-5.3.13.jar:5.3.13]
	at org.springframework.aop.framework.ReflectiveMethodInvocation.proceed(ReflectiveMethodInvocation.java:163) ~[spring-aop-5.3.13.jar:5.3.13]
	at org.springframework.aop.framework.CglibAopProxy$CglibMethodInvocation.proceed(CglibAopProxy.java:753) ~[spring-aop-5.3.13.jar:5.3.13]
	at org.springframework.transaction.interceptor.TransactionInterceptor$1.proceedWithInvocation(TransactionInterceptor.java:123) ~[spring-tx-5.3.13.jar:5.3.13]
	at org.springframework.transaction.interceptor.TransactionAspectSupport.invokeWithinTransaction(TransactionAspectSupport.java:388) ~[spring-tx-5.3.13.jar:5.3.13]
	at org.springframework.transaction.interceptor.TransactionInterceptor.invoke(TransactionInterceptor.java:119) ~[spring-tx-5.3.13.jar:5.3.13]
	at org.springframework.aop.framework.ReflectiveMethodInvocation.proceed(ReflectiveMethodInvocation.java:186) ~[spring-aop-5.3.13.jar:5.3.13]
	at org.springframework.aop.framework.CglibAopProxy$CglibMethodInvocation.proceed(CglibAopProxy.java:753) ~[spring-aop-5.3.13.jar:5.3.13]
	at org.springframework.aop.framework.CglibAopProxy$DynamicAdvisedInterceptor.intercept(CglibAopProxy.java:698) ~[spring-aop-5.3.13.jar:5.3.13]
	at com.food_recipe.service.RecipeService$$EnhancerBySpringCGLIB$$401fa78a.getAllRecipes(<generated>) ~[classes/:?]
	at com.food_recipe.controller.RecipeController.getAllRecipes(RecipeController.java:61) ~[classes/:?]
	at com.food_recipe.controller.RecipeController$$FastClassBySpringCGLIB$$e21217b0.invoke(<generated>) ~[classes/:?]
	at org.springframework.cglib.proxy.MethodProxy.invoke(MethodProxy.java:218) ~[spring-core-5.3.13.jar:5.3.13]
	at org.springframework.aop.framework.CglibAopProxy$CglibMethodInvocation.invokeJoinpoint(CglibAopProxy.java:783) ~[spring-aop-5.3.13.jar:5.3.13]
	at org.springframework.aop.framework.ReflectiveMethodInvocation.proceed(ReflectiveMethodInvocation.java:163) ~[spring-aop-5.3.13.jar:5.3.13]
	at org.springframework.aop.framework.CglibAopProxy$CglibMethodInvocation.proceed(CglibAopProxy.java:753) ~[spring-aop-5.3.13.jar:5.3.13]
	at org.springframework.validation.beanvalidation.MethodValidationInterceptor.invoke(MethodValidationInterceptor.java:123) ~[spring-context-5.3.13.jar:5.3.13]
	at org.springframework.aop.framework.ReflectiveMethodInvocation.proceed(ReflectiveMethodInvocation.java:186) ~[spring-aop-5.3.13.jar:5.3.13]
	at org.springframework.aop.framework.CglibAopProxy$CglibMethodInvocation.proceed(CglibAopProxy.java:753) ~[spring-aop-5.3.13.jar:5.3.13]
	at org.springframework.aop.framework.CglibAopProxy$DynamicAdvisedInterceptor.intercept(CglibAopProxy.java:698) ~[spring-aop-5.3.13.jar:5.3.13]
	at com.food_recipe.controller.RecipeController$$EnhancerBySpringCGLIB$$b6d0e35c.getAllRecipes(<generated>) ~[classes/:?]
	at jdk.internal.reflect.DirectMethodHandleAccessor.invoke(DirectMethodHandleAccessor.java:104) ~[?:?]
	at java.lang.reflect.Method.invoke(Method.java:577) ~[?:?]
	at org.springframework.web.method.support.InvocableHandlerMethod.doInvoke(InvocableHandlerMethod.java:205) ~[spring-web-5.3.13.jar:5.3.13]
	at org.springframework.web.method.support.InvocableHandlerMethod.invokeForRequest(InvocableHandlerMethod.java:150) ~[spring-web-5.3.13.jar:5.3.13]
	at org.springframework.web.servlet.mvc.method.annotation.ServletInvocableHandlerMethod.invokeAndHandle(ServletInvocableHandlerMethod.java:117) ~[spring-webmvc-5.3.13.jar:5.3.13]
	at org.springframework.web.servlet.mvc.method.annotation.RequestMappingHandlerAdapter.invokeHandlerMethod(RequestMappingHandlerAdapter.java:895) ~[spring-webmvc-5.3.13.jar:5.3.13]
	at org.springframework.web.servlet.mvc.method.annotation.RequestMappingHandlerAdapter.handleInternal(RequestMappingHandlerAdapter.java:808) ~[spring-webmvc-5.3.13.jar:5.3.13]
	at org.springframework.web.servlet.mvc.method.AbstractHandlerMethodAdapter.handle(AbstractHandlerMethodAdapter.java:87) ~[spring-webmvc-5.3.13.jar:5.3.13]
	at org.springframework.web.servlet.DispatcherServlet.doDispatch(DispatcherServlet.java:1067) ~[spring-webmvc-5.3.13.jar:5.3.13]
	at org.springframework.web.servlet.DispatcherServlet.doService(DispatcherServlet.java:963) ~[spring-webmvc-5.3.13.jar:5.3.13]
	at org.springframework.web.servlet.FrameworkServlet.processRequest(FrameworkServlet.java:1006) ~[spring-webmvc-5.3.13.jar:5.3.13]
	at org.springframework.web.servlet.FrameworkServlet.doGet(FrameworkServlet.java:898) ~[spring-webmvc-5.3.13.jar:5.3.13]
	at javax.servlet.http.HttpServlet.service(HttpServlet.java:655) ~[tomcat-embed-core-9.0.55.jar:4.0.FR]
	at org.springframework.web.servlet.FrameworkServlet.service(FrameworkServlet.java:883) ~[spring-webmvc-5.3.13.jar:5.3.13]
	at javax.servlet.http.HttpServlet.service(HttpServlet.java:764) ~[tomcat-embed-core-9.0.55.jar:4.0.FR]
	at org.apache.catalina.core.ApplicationFilterChain.internalDoFilter(ApplicationFilterChain.java:227) ~[tomcat-embed-core-9.0.55.jar:9.0.55]
	at org.apache.catalina.core.ApplicationFilterChain.doFilter(ApplicationFilterChain.java:162) ~[tomcat-embed-core-9.0.55.jar:9.0.55]
	at org.apache.tomcat.websocket.server.WsFilter.doFilter(WsFilter.java:53) ~[tomcat-embed-websocket-9.0.55.jar:9.0.55]
	at org.apache.catalina.core.ApplicationFilterChain.internalDoFilter(ApplicationFilterChain.java:189) ~[tomcat-embed-core-9.0.55.jar:9.0.55]
	at org.apache.catalina.core.ApplicationFilterChain.doFilter(ApplicationFilterChain.java:162) ~[tomcat-embed-core-9.0.55.jar:9.0.55]
	at org.springframework.security.web.FilterChainProxy$VirtualFilterChain.doFilter(FilterChainProxy.java:327) ~[spring-security-web-5.6.0.jar:5.6.0]
	at org.springframework.security.web.access.intercept.FilterSecurityInterceptor.invoke(FilterSecurityInterceptor.java:115) ~[spring-security-web-5.6.0.jar:5.6.0]
	at org.springframework.security.web.access.intercept.FilterSecurityInterceptor.doFilter(FilterSecurityInterceptor.java:81) ~[spring-security-web-5.6.0.jar:5.6.0]
	at org.springframework.security.web.FilterChainProxy$VirtualFilterChain.doFilter(FilterChainProxy.java:336) ~[spring-security-web-5.6.0.jar:5.6.0]
	at org.springframework.security.web.access.ExceptionTranslationFilter.doFilter(ExceptionTranslationFilter.java:122) ~[spring-security-web-5.6.0.jar:5.6.0]
	at org.springframework.security.web.access.ExceptionTranslationFilter.doFilter(ExceptionTranslationFilter.java:116) ~[spring-security-web-5.6.0.jar:5.6.0]
	at org.springframework.security.web.FilterChainProxy$VirtualFilterChain.doFilter(FilterChainProxy.java:336) ~[spring-security-web-5.6.0.jar:5.6.0]
	at org.springframework.security.web.session.SessionManagementFilter.doFilter(SessionManagementFilter.java:126) ~[spring-security-web-5.6.0.jar:5.6.0]
	at org.springframework.security.web.session.SessionManagementFilter.doFilter(SessionManagementFilter.java:81) ~[spring-security-web-5.6.0.jar:5.6.0]
	at org.springframework.security.web.FilterChainProxy$VirtualFilterChain.doFilter(FilterChainProxy.java:336) ~[spring-security-web-5.6.0.jar:5.6.0]
	at org.springframework.security.web.authentication.AnonymousAuthenticationFilter.doFilter(AnonymousAuthenticationFilter.java:109) ~[spring-security-web-5.6.0.jar:5.6.0]
	at org.springframework.security.web.FilterChainProxy$VirtualFilterChain.doFilter(FilterChainProxy.java:336) ~[spring-security-web-5.6.0.jar:5.6.0]
	at org.springframework.security.web.servletapi.SecurityContextHolderAwareRequestFilter.doFilter(SecurityContextHolderAwareRequestFilter.java:149) ~[spring-security-web-5.6.0.jar:5.6.0]
	at org.springframework.security.web.FilterChainProxy$VirtualFilterChain.doFilter(FilterChainProxy.java:336) ~[spring-security-web-5.6.0.jar:5.6.0]
	at org.springframework.security.web.savedrequest.RequestCacheAwareFilter.doFilter(RequestCacheAwareFilter.java:63) ~[spring-security-web-5.6.0.jar:5.6.0]
	at org.springframework.security.web.FilterChainProxy$VirtualFilterChain.doFilter(FilterChainProxy.java:336) ~[spring-security-web-5.6.0.jar:5.6.0]
	at org.springframework.security.web.authentication.www.BasicAuthenticationFilter.doFilterInternal(BasicAuthenticationFilter.java:150) ~[spring-security-web-5.6.0.jar:5.6.0]
	at org.springframework.web.filter.OncePerRequestFilter.doFilter(OncePerRequestFilter.java:119) ~[spring-web-5.3.13.jar:5.3.13]
	at org.springframework.security.web.FilterChainProxy$VirtualFilterChain.doFilter(FilterChainProxy.java:336) ~[spring-security-web-5.6.0.jar:5.6.0]
	at com.food_recipe.authentication.JWTAuthorizationFilter.doFilter(JWTAuthorizationFilter.java:28) ~[classes/:?]
	at org.springframework.security.web.FilterChainProxy$VirtualFilterChain.doFilter(FilterChainProxy.java:336) ~[spring-security-web-5.6.0.jar:5.6.0]
	at org.springframework.security.web.authentication.AbstractAuthenticationProcessingFilter.doFilter(AbstractAuthenticationProcessingFilter.java:219) ~[spring-security-web-5.6.0.jar:5.6.0]
	at org.springframework.security.web.authentication.AbstractAuthenticationProcessingFilter.doFilter(AbstractAuthenticationProcessingFilter.java:213) ~[spring-security-web-5.6.0.jar:5.6.0]
	at org.springframework.security.web.FilterChainProxy$VirtualFilterChain.doFilter(FilterChainProxy.java:336) ~[spring-security-web-5.6.0.jar:5.6.0]
	at org.springframework.security.web.authentication.logout.LogoutFilter.doFilter(LogoutFilter.java:103) ~[spring-security-web-5.6.0.jar:5.6.0]
	at org.springframework.security.web.authentication.logout.LogoutFilter.doFilter(LogoutFilter.java:89) ~[spring-security-web-5.6.0.jar:5.6.0]
	at org.springframework.security.web.FilterChainProxy$VirtualFilterChain.doFilter(FilterChainProxy.java:336) ~[spring-security-web-5.6.0.jar:5.6.0]
	at org.springframework.web.filter.CorsFilter.doFilterInternal(CorsFilter.java:91) ~[spring-web-5.3.13.jar:5.3.13]
	at org.springframework.web.filter.OncePerRequestFilter.doFilter(OncePerRequestFilter.java:119) ~[spring-web-5.3.13.jar:5.3.13]
	at org.springframework.security.web.FilterChainProxy$VirtualFilterChain.doFilter(FilterChainProxy.java:336) ~[spring-security-web-5.6.0.jar:5.6.0]
	at org.springframework.security.web.header.HeaderWriterFilter.doHeadersAfter(HeaderWriterFilter.java:90) ~[spring-security-web-5.6.0.jar:5.6.0]
	at org.springframework.security.web.header.HeaderWriterFilter.doFilterInternal(HeaderWriterFilter.java:75) ~[spring-security-web-5.6.0.jar:5.6.0]
	at org.springframework.web.filter.OncePerRequestFilter.doFilter(OncePerRequestFilter.java:119) ~[spring-web-5.3.13.jar:5.3.13]
	at org.springframework.security.web.FilterChainProxy$VirtualFilterChain.doFilter(FilterChainProxy.java:336) ~[spring-security-web-5.6.0.jar:5.6.0]
	at org.springframework.security.web.context.SecurityContextPersistenceFilter.doFilter(SecurityContextPersistenceFilter.java:110) ~[spring-security-web-5.6.0.jar:5.6.0]
	at org.springframework.security.web.context.SecurityContextPersistenceFilter.doFilter(SecurityContextPersistenceFilter.java:80) ~[spring-security-web-5.6.0.jar:5.6.0]
	at org.springframework.security.web.FilterChainProxy$VirtualFilterChain.doFilter(FilterChainProxy.java:336) ~[spring-security-web-5.6.0.jar:5.6.0]
	at org.springframework.security.web.context.request.async.WebAsyncManagerIntegrationFilter.doFilterInternal(WebAsyncManagerIntegrationFilter.java:55) ~[spring-security-web-5.6.0.jar:5.6.0]
	at org.springframework.web.filter.OncePerRequestFilter.doFilter(OncePerRequestFilter.java:119) ~[spring-web-5.3.13.jar:5.3.13]
	at org.springframework.security.web.FilterChainProxy$VirtualFilterChain.doFilter(FilterChainProxy.java:336) ~[spring-security-web-5.6.0.jar:5.6.0]
	at org.springframework.security.web.FilterChainProxy.doFilterInternal(FilterChainProxy.java:211) ~[spring-security-web-5.6.0.jar:5.6.0]
	at org.springframework.security.web.FilterChainProxy.doFilter(FilterChainProxy.java:183) ~[spring-security-web-5.6.0.jar:5.6.0]
	at org.springframework.web.filter.DelegatingFilterProxy.invokeDelegate(DelegatingFilterProxy.java:358) ~[spring-web-5.3.13.jar:5.3.13]
	at org.springframework.web.filter.DelegatingFilterProxy.doFilter(DelegatingFilterProxy.java:271) ~[spring-web-5.3.13.jar:5.3.13]
	at org.apache.catalina.core.ApplicationFilterChain.internalDoFilter(ApplicationFilterChain.java:189) ~[tomcat-embed-core-9.0.55.jar:9.0.55]
	at org.apache.catalina.core.ApplicationFilterChain.doFilter(ApplicationFilterChain.java:162) ~[tomcat-embed-core-9.0.55.jar:9.0.55]
	at org.springframework.web.filter.RequestContextFilter.doFilterInternal(RequestContextFilter.java:100) ~[spring-web-5.3.13.jar:5.3.13]
	at org.springframework.web.filter.OncePerRequestFilter.doFilter(OncePerRequestFilter.java:119) ~[spring-web-5.3.13.jar:5.3.13]
	at org.apache.catalina.core.ApplicationFilterChain.internalDoFilter(ApplicationFilterChain.java:189) ~[tomcat-embed-core-9.0.55.jar:9.0.55]
	at org.apache.catalina.core.ApplicationFilterChain.doFilter(ApplicationFilterChain.java:162) ~[tomcat-embed-core-9.0.55.jar:9.0.55]
	at org.springframework.web.filter.FormContentFilter.doFilterInternal(FormContentFilter.java:93) ~[spring-web-5.3.13.jar:5.3.13]
	at org.springframework.web.filter.OncePerRequestFilter.doFilter(OncePerRequestFilter.java:119) ~[spring-web-5.3.13.jar:5.3.13]
	at org.apache.catalina.core.ApplicationFilterChain.internalDoFilter(ApplicationFilterChain.java:189) ~[tomcat-embed-core-9.0.55.jar:9.0.55]
	at org.apache.catalina.core.ApplicationFilterChain.doFilter(ApplicationFilterChain.java:162) ~[tomcat-embed-core-9.0.55.jar:9.0.55]
	at org.springframework.web.filter.CharacterEncodingFilter.doFilterInternal(CharacterEncodingFilter.java:201) ~[spring-web-5.3.13.jar:5.3.13]
	at org.springframework.web.filter.OncePerRequestFilter.doFilter(OncePerRequestFilter.java:119) ~[spring-web-5.3.13.jar:5.3.13]
	at org.apache.catalina.core.ApplicationFilterChain.internalDoFilter(ApplicationFilterChain.java:189) ~[tomcat-embed-core-9.0.55.jar:9.0.55]
	at org.apache.catalina.core.ApplicationFilterChain.doFilter(ApplicationFilterChain.java:162) ~[tomcat-embed-core-9.0.55.jar:9.0.55]
	at com.food_recipe.authentication.WebCorsFilter.doFilter(WebCorsFilter.java:32) ~[classes/:?]
	at org.apache.catalina.core.ApplicationFilterChain.internalDoFilter(ApplicationFilterChain.java:189) ~[tomcat-embed-core-9.0.55.jar:9.0.55]
	at org.apache.catalina.core.ApplicationFilterChain.doFilter(ApplicationFilterChain.java:162) ~[tomcat-embed-core-9.0.55.jar:9.0.55]
	at org.apache.catalina.core.StandardWrapperValve.invoke(StandardWrapperValve.java:197) [tomcat-embed-core-9.0.55.jar:9.0.55]
	at org.apache.catalina.core.StandardContextValve.invoke(StandardContextValve.java:97) [tomcat-embed-core-9.0.55.jar:9.0.55]
	at org.apache.catalina.authenticator.AuthenticatorBase.invoke(AuthenticatorBase.java:540) [tomcat-embed-core-9.0.55.jar:9.0.55]
	at org.apache.catalina.core.StandardHostValve.invoke(StandardHostValve.java:135) [tomcat-embed-core-9.0.55.jar:9.0.55]
	at org.apache.catalina.valves.ErrorReportValve.invoke(ErrorReportValve.java:92) [tomcat-embed-core-9.0.55.jar:9.0.55]
	at org.apache.catalina.core.StandardEngineValve.invoke(StandardEngineValve.java:78) [tomcat-embed-core-9.0.55.jar:9.0.55]
	at org.apache.catalina.connector.CoyoteAdapter.service(CoyoteAdapter.java:357) [tomcat-embed-core-9.0.55.jar:9.0.55]
	at org.apache.coyote.http11.Http11Processor.service(Http11Processor.java:382) [tomcat-embed-core-9.0.55.jar:9.0.55]
	at org.apache.coyote.AbstractProcessorLight.process(AbstractProcessorLight.java:65) [tomcat-embed-core-9.0.55.jar:9.0.55]
	at org.apache.coyote.AbstractProtocol$ConnectionHandler.process(AbstractProtocol.java:895) [tomcat-embed-core-9.0.55.jar:9.0.55]
	at org.apache.tomcat.util.net.NioEndpoint$SocketProcessor.doRun(NioEndpoint.java:1722) [tomcat-embed-core-9.0.55.jar:9.0.55]
	at org.apache.tomcat.util.net.SocketProcessorBase.run(SocketProcessorBase.java:49) [tomcat-embed-core-9.0.55.jar:9.0.55]
	at org.apache.tomcat.util.threads.ThreadPoolExecutor.runWorker(ThreadPoolExecutor.java:1191) [tomcat-embed-core-9.0.55.jar:9.0.55]
	at org.apache.tomcat.util.threads.ThreadPoolExecutor$Worker.run(ThreadPoolExecutor.java:659) [tomcat-embed-core-9.0.55.jar:9.0.55]
	at org.apache.tomcat.util.threads.TaskThread$WrappingRunnable.run(TaskThread.java:61) [tomcat-embed-core-9.0.55.jar:9.0.55]
	at java.lang.Thread.run(Thread.java:833) [?:?]
2023-02-24 19:17:13 [http-nio-8080-exec-3] DEBUG o.h.SQL                                            - 
    select
        recipe0_.`id` as id1_2_,
        recipe0_.`create_date` as create_d2_2_,
        recipe0_.`creator_id` as creator10_2_,
        recipe0_.`description` as descript3_2_,
        recipe0_.`image_url` as image_ur4_2_,
        recipe0_.`name` as name5_2_,
        recipe0_.`note` as note6_2_,
        recipe0_.`point` as point7_2_,
        recipe0_.`processing_steps` as processi8_2_,
        recipe0_.`views` as views9_2_ 
    from
        `Recipe` recipe0_ limit ? 
2023-02-24 19:17:13 [http-nio-8080-exec-3] DEBUG o.h.SQL                                            - 
    select
        user0_.id as id1_7_0_,
        user0_.avatar_url as avatar_u2_7_0_,
        user0_.`birth_date` as birth_da3_7_0_,
        user0_.`email` as email4_7_0_,
        user0_.`first_name` as first_na5_7_0_,
        user0_.`gender` as gender6_7_0_,
        user0_.`last_name` as last_nam7_7_0_,
        user0_.`password` as password8_7_0_,
        user0_.phone as phone9_7_0_,
        user0_.`status` as status10_7_0_,
        user0_.`user_name` as user_na11_7_0_,
        concat(user0_.first_name,
        ' ',
        user0_.last_name) as formula1_0_,
        point1_.id as id1_1_1_,
        point1_.point as point2_1_1_,
        point1_.user_id as user_id3_1_1_ 
    from
        `User` user0_ 
    left outer join
        `Point` point1_ 
            on user0_.id=point1_.user_id 
    where
        user0_.id=? 
2023-02-24 19:17:13 [http-nio-8080-exec-3] TRACE o.h.t.d.s.BasicBinder                              - binding parameter [1] as [INTEGER] - [1] 
2023-02-24 19:17:13 [http-nio-8080-exec-3] DEBUG o.h.SQL                                            - 
    select
        ingredient0_.`recipe_id` as recipe_i5_4_0_,
        ingredient0_.id as id1_4_0_,
        ingredient0_.id as id1_4_1_,
        ingredient0_.`amount` as amount2_4_1_,
        ingredient0_.`name` as name3_4_1_,
        ingredient0_.`recipe_id` as recipe_i5_4_1_,
        ingredient0_.`unit` as unit4_4_1_ 
    from
        `Recipe_Ingredient` ingredient0_ 
    where
        ingredient0_.`recipe_id`=? 
2023-02-24 19:17:13 [http-nio-8080-exec-3] TRACE o.h.t.d.s.BasicBinder                              - binding parameter [1] as [INTEGER] - [1] 
2023-02-24 19:17:13 [http-nio-8080-exec-3] DEBUG o.h.SQL                                            - 
    select
        count(recipe0_.`id`) as col_0_0_ 
    from
        `Recipe` recipe0_ 
2023-02-24 19:17:13 [http-nio-8080-exec-3] DEBUG o.h.SQL                                            - 
    select
        comments0_.recipe_id as recipe_i1_0_0_,
        comments0_.user_id as user_id2_0_0_,
        comments0_.recipe_id as recipe_i1_0_1_,
        comments0_.user_id as user_id2_0_1_,
        comments0_.`comment` as comment3_0_1_,
        comments0_.`create_date` as create_d4_0_1_,
        comments0_.`update_date` as update_d5_0_1_,
        user1_.id as id1_7_2_,
        user1_.avatar_url as avatar_u2_7_2_,
        user1_.`birth_date` as birth_da3_7_2_,
        user1_.`email` as email4_7_2_,
        user1_.`first_name` as first_na5_7_2_,
        user1_.`gender` as gender6_7_2_,
        user1_.`last_name` as last_nam7_7_2_,
        user1_.`password` as password8_7_2_,
        user1_.phone as phone9_7_2_,
        user1_.`status` as status10_7_2_,
        user1_.`user_name` as user_na11_7_2_,
        concat(user1_.first_name,
        ' ',
        user1_.last_name) as formula1_2_,
        point2_.id as id1_1_3_,
        point2_.point as point2_1_3_,
        point2_.user_id as user_id3_1_3_ 
    from
        `Comment` comments0_ 
    inner join
        `User` user1_ 
            on comments0_.user_id=user1_.id 
    left outer join
        `Point` point2_ 
            on user1_.id=point2_.user_id 
    where
        comments0_.recipe_id=? 
2023-02-24 19:17:13 [http-nio-8080-exec-3] TRACE o.h.t.d.s.BasicBinder                              - binding parameter [1] as [INTEGER] - [1] 
2023-02-24 19:17:19 [http-nio-8080-exec-4] DEBUG o.h.SQL                                            - 
    select
        recipe0_.`id` as id1_2_,
        recipe0_.`create_date` as create_d2_2_,
        recipe0_.`creator_id` as creator10_2_,
        recipe0_.`description` as descript3_2_,
        recipe0_.`image_url` as image_ur4_2_,
        recipe0_.`name` as name5_2_,
        recipe0_.`note` as note6_2_,
        recipe0_.`point` as point7_2_,
        recipe0_.`processing_steps` as processi8_2_,
        recipe0_.`views` as views9_2_ 
    from
        `Recipe` recipe0_ limit ? 
2023-02-24 19:17:19 [http-nio-8080-exec-4] DEBUG o.h.SQL                                            - 
    select
        user0_.id as id1_7_0_,
        user0_.avatar_url as avatar_u2_7_0_,
        user0_.`birth_date` as birth_da3_7_0_,
        user0_.`email` as email4_7_0_,
        user0_.`first_name` as first_na5_7_0_,
        user0_.`gender` as gender6_7_0_,
        user0_.`last_name` as last_nam7_7_0_,
        user0_.`password` as password8_7_0_,
        user0_.phone as phone9_7_0_,
        user0_.`status` as status10_7_0_,
        user0_.`user_name` as user_na11_7_0_,
        concat(user0_.first_name,
        ' ',
        user0_.last_name) as formula1_0_,
        point1_.id as id1_1_1_,
        point1_.point as point2_1_1_,
        point1_.user_id as user_id3_1_1_ 
    from
        `User` user0_ 
    left outer join
        `Point` point1_ 
            on user0_.id=point1_.user_id 
    where
        user0_.id=? 
2023-02-24 19:17:19 [http-nio-8080-exec-4] TRACE o.h.t.d.s.BasicBinder                              - binding parameter [1] as [INTEGER] - [1] 
2023-02-24 19:17:19 [http-nio-8080-exec-4] DEBUG o.h.SQL                                            - 
    select
        ingredient0_.`recipe_id` as recipe_i5_4_0_,
        ingredient0_.id as id1_4_0_,
        ingredient0_.id as id1_4_1_,
        ingredient0_.`amount` as amount2_4_1_,
        ingredient0_.`name` as name3_4_1_,
        ingredient0_.`recipe_id` as recipe_i5_4_1_,
        ingredient0_.`unit` as unit4_4_1_ 
    from
        `Recipe_Ingredient` ingredient0_ 
    where
        ingredient0_.`recipe_id`=? 
2023-02-24 19:17:19 [http-nio-8080-exec-4] TRACE o.h.t.d.s.BasicBinder                              - binding parameter [1] as [INTEGER] - [2] 
2023-02-24 19:17:19 [http-nio-8080-exec-4] DEBUG o.h.SQL                                            - 
    select
        ingredient0_.`recipe_id` as recipe_i5_4_0_,
        ingredient0_.id as id1_4_0_,
        ingredient0_.id as id1_4_1_,
        ingredient0_.`amount` as amount2_4_1_,
        ingredient0_.`name` as name3_4_1_,
        ingredient0_.`recipe_id` as recipe_i5_4_1_,
        ingredient0_.`unit` as unit4_4_1_ 
    from
        `Recipe_Ingredient` ingredient0_ 
    where
        ingredient0_.`recipe_id`=? 
2023-02-24 19:17:19 [http-nio-8080-exec-4] TRACE o.h.t.d.s.BasicBinder                              - binding parameter [1] as [INTEGER] - [1] 
2023-02-24 19:17:20 [http-nio-8080-exec-4] DEBUG o.h.SQL                                            - 
    select
        comments0_.recipe_id as recipe_i1_0_0_,
        comments0_.user_id as user_id2_0_0_,
        comments0_.recipe_id as recipe_i1_0_1_,
        comments0_.user_id as user_id2_0_1_,
        comments0_.`comment` as comment3_0_1_,
        comments0_.`create_date` as create_d4_0_1_,
        comments0_.`update_date` as update_d5_0_1_,
        user1_.id as id1_7_2_,
        user1_.avatar_url as avatar_u2_7_2_,
        user1_.`birth_date` as birth_da3_7_2_,
        user1_.`email` as email4_7_2_,
        user1_.`first_name` as first_na5_7_2_,
        user1_.`gender` as gender6_7_2_,
        user1_.`last_name` as last_nam7_7_2_,
        user1_.`password` as password8_7_2_,
        user1_.phone as phone9_7_2_,
        user1_.`status` as status10_7_2_,
        user1_.`user_name` as user_na11_7_2_,
        concat(user1_.first_name,
        ' ',
        user1_.last_name) as formula1_2_,
        point2_.id as id1_1_3_,
        point2_.point as point2_1_3_,
        point2_.user_id as user_id3_1_3_ 
    from
        `Comment` comments0_ 
    inner join
        `User` user1_ 
            on comments0_.user_id=user1_.id 
    left outer join
        `Point` point2_ 
            on user1_.id=point2_.user_id 
    where
        comments0_.recipe_id=? 
2023-02-24 19:17:20 [http-nio-8080-exec-4] TRACE o.h.t.d.s.BasicBinder                              - binding parameter [1] as [INTEGER] - [1] 
2023-02-24 19:17:20 [http-nio-8080-exec-4] DEBUG o.h.SQL                                            - 
    select
        comments0_.recipe_id as recipe_i1_0_0_,
        comments0_.user_id as user_id2_0_0_,
        comments0_.recipe_id as recipe_i1_0_1_,
        comments0_.user_id as user_id2_0_1_,
        comments0_.`comment` as comment3_0_1_,
        comments0_.`create_date` as create_d4_0_1_,
        comments0_.`update_date` as update_d5_0_1_,
        user1_.id as id1_7_2_,
        user1_.avatar_url as avatar_u2_7_2_,
        user1_.`birth_date` as birth_da3_7_2_,
        user1_.`email` as email4_7_2_,
        user1_.`first_name` as first_na5_7_2_,
        user1_.`gender` as gender6_7_2_,
        user1_.`last_name` as last_nam7_7_2_,
        user1_.`password` as password8_7_2_,
        user1_.phone as phone9_7_2_,
        user1_.`status` as status10_7_2_,
        user1_.`user_name` as user_na11_7_2_,
        concat(user1_.first_name,
        ' ',
        user1_.last_name) as formula1_2_,
        point2_.id as id1_1_3_,
        point2_.point as point2_1_3_,
        point2_.user_id as user_id3_1_3_ 
    from
        `Comment` comments0_ 
    inner join
        `User` user1_ 
            on comments0_.user_id=user1_.id 
    left outer join
        `Point` point2_ 
            on user1_.id=point2_.user_id 
    where
        comments0_.recipe_id=? 
2023-02-24 19:17:20 [http-nio-8080-exec-4] TRACE o.h.t.d.s.BasicBinder                              - binding parameter [1] as [INTEGER] - [2] 
2023-02-24 20:18:17 [http-nio-8080-exec-6] DEBUG o.h.SQL                                            - 
    select
        recipe0_.`id` as id1_2_,
        recipe0_.`create_date` as create_d2_2_,
        recipe0_.`creator_id` as creator10_2_,
        recipe0_.`description` as descript3_2_,
        recipe0_.`image_url` as image_ur4_2_,
        recipe0_.`name` as name5_2_,
        recipe0_.`note` as note6_2_,
        recipe0_.`point` as point7_2_,
        recipe0_.`processing_steps` as processi8_2_,
        recipe0_.`views` as views9_2_ 
    from
        `Recipe` recipe0_ limit ? 
2023-02-24 20:18:17 [http-nio-8080-exec-6] DEBUG o.h.SQL                                            - 
    select
        user0_.id as id1_7_0_,
        user0_.avatar_url as avatar_u2_7_0_,
        user0_.`birth_date` as birth_da3_7_0_,
        user0_.`email` as email4_7_0_,
        user0_.`first_name` as first_na5_7_0_,
        user0_.`gender` as gender6_7_0_,
        user0_.`last_name` as last_nam7_7_0_,
        user0_.`password` as password8_7_0_,
        user0_.phone as phone9_7_0_,
        user0_.`status` as status10_7_0_,
        user0_.`user_name` as user_na11_7_0_,
        concat(user0_.first_name,
        ' ',
        user0_.last_name) as formula1_0_,
        point1_.id as id1_1_1_,
        point1_.point as point2_1_1_,
        point1_.user_id as user_id3_1_1_ 
    from
        `User` user0_ 
    left outer join
        `Point` point1_ 
            on user0_.id=point1_.user_id 
    where
        user0_.id=? 
2023-02-24 20:18:17 [http-nio-8080-exec-6] TRACE o.h.t.d.s.BasicBinder                              - binding parameter [1] as [INTEGER] - [1] 
2023-02-24 20:18:17 [http-nio-8080-exec-6] DEBUG o.h.SQL                                            - 
    select
        ingredient0_.`recipe_id` as recipe_i5_4_0_,
        ingredient0_.id as id1_4_0_,
        ingredient0_.id as id1_4_1_,
        ingredient0_.`amount` as amount2_4_1_,
        ingredient0_.`name` as name3_4_1_,
        ingredient0_.`recipe_id` as recipe_i5_4_1_,
        ingredient0_.`unit` as unit4_4_1_ 
    from
        `Recipe_Ingredient` ingredient0_ 
    where
        ingredient0_.`recipe_id`=? 
2023-02-24 20:18:17 [http-nio-8080-exec-6] TRACE o.h.t.d.s.BasicBinder                              - binding parameter [1] as [INTEGER] - [2] 
2023-02-24 20:18:17 [http-nio-8080-exec-6] DEBUG o.h.SQL                                            - 
    select
        ingredient0_.`recipe_id` as recipe_i5_4_0_,
        ingredient0_.id as id1_4_0_,
        ingredient0_.id as id1_4_1_,
        ingredient0_.`amount` as amount2_4_1_,
        ingredient0_.`name` as name3_4_1_,
        ingredient0_.`recipe_id` as recipe_i5_4_1_,
        ingredient0_.`unit` as unit4_4_1_ 
    from
        `Recipe_Ingredient` ingredient0_ 
    where
        ingredient0_.`recipe_id`=? 
2023-02-24 20:18:17 [http-nio-8080-exec-6] TRACE o.h.t.d.s.BasicBinder                              - binding parameter [1] as [INTEGER] - [1] 
2023-02-24 20:18:17 [http-nio-8080-exec-6] DEBUG o.h.SQL                                            - 
    select
        comments0_.recipe_id as recipe_i1_0_0_,
        comments0_.user_id as user_id2_0_0_,
        comments0_.recipe_id as recipe_i1_0_1_,
        comments0_.user_id as user_id2_0_1_,
        comments0_.`comment` as comment3_0_1_,
        comments0_.`create_date` as create_d4_0_1_,
        comments0_.`update_date` as update_d5_0_1_,
        user1_.id as id1_7_2_,
        user1_.avatar_url as avatar_u2_7_2_,
        user1_.`birth_date` as birth_da3_7_2_,
        user1_.`email` as email4_7_2_,
        user1_.`first_name` as first_na5_7_2_,
        user1_.`gender` as gender6_7_2_,
        user1_.`last_name` as last_nam7_7_2_,
        user1_.`password` as password8_7_2_,
        user1_.phone as phone9_7_2_,
        user1_.`status` as status10_7_2_,
        user1_.`user_name` as user_na11_7_2_,
        concat(user1_.first_name,
        ' ',
        user1_.last_name) as formula1_2_,
        point2_.id as id1_1_3_,
        point2_.point as point2_1_3_,
        point2_.user_id as user_id3_1_3_ 
    from
        `Comment` comments0_ 
    inner join
        `User` user1_ 
            on comments0_.user_id=user1_.id 
    left outer join
        `Point` point2_ 
            on user1_.id=point2_.user_id 
    where
        comments0_.recipe_id=? 
2023-02-24 20:18:17 [http-nio-8080-exec-6] TRACE o.h.t.d.s.BasicBinder                              - binding parameter [1] as [INTEGER] - [1] 
2023-02-24 20:18:17 [http-nio-8080-exec-6] DEBUG o.h.SQL                                            - 
    select
        comments0_.recipe_id as recipe_i1_0_0_,
        comments0_.user_id as user_id2_0_0_,
        comments0_.recipe_id as recipe_i1_0_1_,
        comments0_.user_id as user_id2_0_1_,
        comments0_.`comment` as comment3_0_1_,
        comments0_.`create_date` as create_d4_0_1_,
        comments0_.`update_date` as update_d5_0_1_,
        user1_.id as id1_7_2_,
        user1_.avatar_url as avatar_u2_7_2_,
        user1_.`birth_date` as birth_da3_7_2_,
        user1_.`email` as email4_7_2_,
        user1_.`first_name` as first_na5_7_2_,
        user1_.`gender` as gender6_7_2_,
        user1_.`last_name` as last_nam7_7_2_,
        user1_.`password` as password8_7_2_,
        user1_.phone as phone9_7_2_,
        user1_.`status` as status10_7_2_,
        user1_.`user_name` as user_na11_7_2_,
        concat(user1_.first_name,
        ' ',
        user1_.last_name) as formula1_2_,
        point2_.id as id1_1_3_,
        point2_.point as point2_1_3_,
        point2_.user_id as user_id3_1_3_ 
    from
        `Comment` comments0_ 
    inner join
        `User` user1_ 
            on comments0_.user_id=user1_.id 
    left outer join
        `Point` point2_ 
            on user1_.id=point2_.user_id 
    where
        comments0_.recipe_id=? 
2023-02-24 20:18:17 [http-nio-8080-exec-6] TRACE o.h.t.d.s.BasicBinder                              - binding parameter [1] as [INTEGER] - [2] 
2023-02-24 20:18:17 [http-nio-8080-exec-7] DEBUG o.h.SQL                                            - 
    select
        recipe0_.`id` as id1_2_,
        recipe0_.`create_date` as create_d2_2_,
        recipe0_.`creator_id` as creator10_2_,
        recipe0_.`description` as descript3_2_,
        recipe0_.`image_url` as image_ur4_2_,
        recipe0_.`name` as name5_2_,
        recipe0_.`note` as note6_2_,
        recipe0_.`point` as point7_2_,
        recipe0_.`processing_steps` as processi8_2_,
        recipe0_.`views` as views9_2_ 
    from
        `Recipe` recipe0_ limit ? 
2023-02-24 20:18:17 [http-nio-8080-exec-7] DEBUG o.h.SQL                                            - 
    select
        user0_.id as id1_7_0_,
        user0_.avatar_url as avatar_u2_7_0_,
        user0_.`birth_date` as birth_da3_7_0_,
        user0_.`email` as email4_7_0_,
        user0_.`first_name` as first_na5_7_0_,
        user0_.`gender` as gender6_7_0_,
        user0_.`last_name` as last_nam7_7_0_,
        user0_.`password` as password8_7_0_,
        user0_.phone as phone9_7_0_,
        user0_.`status` as status10_7_0_,
        user0_.`user_name` as user_na11_7_0_,
        concat(user0_.first_name,
        ' ',
        user0_.last_name) as formula1_0_,
        point1_.id as id1_1_1_,
        point1_.point as point2_1_1_,
        point1_.user_id as user_id3_1_1_ 
    from
        `User` user0_ 
    left outer join
        `Point` point1_ 
            on user0_.id=point1_.user_id 
    where
        user0_.id=? 
2023-02-24 20:18:17 [http-nio-8080-exec-7] TRACE o.h.t.d.s.BasicBinder                              - binding parameter [1] as [INTEGER] - [1] 
2023-02-24 20:18:17 [http-nio-8080-exec-7] DEBUG o.h.SQL                                            - 
    select
        ingredient0_.`recipe_id` as recipe_i5_4_0_,
        ingredient0_.id as id1_4_0_,
        ingredient0_.id as id1_4_1_,
        ingredient0_.`amount` as amount2_4_1_,
        ingredient0_.`name` as name3_4_1_,
        ingredient0_.`recipe_id` as recipe_i5_4_1_,
        ingredient0_.`unit` as unit4_4_1_ 
    from
        `Recipe_Ingredient` ingredient0_ 
    where
        ingredient0_.`recipe_id`=? 
2023-02-24 20:18:17 [http-nio-8080-exec-7] TRACE o.h.t.d.s.BasicBinder                              - binding parameter [1] as [INTEGER] - [2] 
2023-02-24 20:18:17 [http-nio-8080-exec-7] DEBUG o.h.SQL                                            - 
    select
        ingredient0_.`recipe_id` as recipe_i5_4_0_,
        ingredient0_.id as id1_4_0_,
        ingredient0_.id as id1_4_1_,
        ingredient0_.`amount` as amount2_4_1_,
        ingredient0_.`name` as name3_4_1_,
        ingredient0_.`recipe_id` as recipe_i5_4_1_,
        ingredient0_.`unit` as unit4_4_1_ 
    from
        `Recipe_Ingredient` ingredient0_ 
    where
        ingredient0_.`recipe_id`=? 
2023-02-24 20:18:17 [http-nio-8080-exec-7] TRACE o.h.t.d.s.BasicBinder                              - binding parameter [1] as [INTEGER] - [1] 
2023-02-24 20:18:17 [http-nio-8080-exec-7] DEBUG o.h.SQL                                            - 
    select
        comments0_.recipe_id as recipe_i1_0_0_,
        comments0_.user_id as user_id2_0_0_,
        comments0_.recipe_id as recipe_i1_0_1_,
        comments0_.user_id as user_id2_0_1_,
        comments0_.`comment` as comment3_0_1_,
        comments0_.`create_date` as create_d4_0_1_,
        comments0_.`update_date` as update_d5_0_1_,
        user1_.id as id1_7_2_,
        user1_.avatar_url as avatar_u2_7_2_,
        user1_.`birth_date` as birth_da3_7_2_,
        user1_.`email` as email4_7_2_,
        user1_.`first_name` as first_na5_7_2_,
        user1_.`gender` as gender6_7_2_,
        user1_.`last_name` as last_nam7_7_2_,
        user1_.`password` as password8_7_2_,
        user1_.phone as phone9_7_2_,
        user1_.`status` as status10_7_2_,
        user1_.`user_name` as user_na11_7_2_,
        concat(user1_.first_name,
        ' ',
        user1_.last_name) as formula1_2_,
        point2_.id as id1_1_3_,
        point2_.point as point2_1_3_,
        point2_.user_id as user_id3_1_3_ 
    from
        `Comment` comments0_ 
    inner join
        `User` user1_ 
            on comments0_.user_id=user1_.id 
    left outer join
        `Point` point2_ 
            on user1_.id=point2_.user_id 
    where
        comments0_.recipe_id=? 
2023-02-24 20:18:17 [http-nio-8080-exec-7] TRACE o.h.t.d.s.BasicBinder                              - binding parameter [1] as [INTEGER] - [1] 
2023-02-24 20:18:17 [http-nio-8080-exec-7] DEBUG o.h.SQL                                            - 
    select
        comments0_.recipe_id as recipe_i1_0_0_,
        comments0_.user_id as user_id2_0_0_,
        comments0_.recipe_id as recipe_i1_0_1_,
        comments0_.user_id as user_id2_0_1_,
        comments0_.`comment` as comment3_0_1_,
        comments0_.`create_date` as create_d4_0_1_,
        comments0_.`update_date` as update_d5_0_1_,
        user1_.id as id1_7_2_,
        user1_.avatar_url as avatar_u2_7_2_,
        user1_.`birth_date` as birth_da3_7_2_,
        user1_.`email` as email4_7_2_,
        user1_.`first_name` as first_na5_7_2_,
        user1_.`gender` as gender6_7_2_,
        user1_.`last_name` as last_nam7_7_2_,
        user1_.`password` as password8_7_2_,
        user1_.phone as phone9_7_2_,
        user1_.`status` as status10_7_2_,
        user1_.`user_name` as user_na11_7_2_,
        concat(user1_.first_name,
        ' ',
        user1_.last_name) as formula1_2_,
        point2_.id as id1_1_3_,
        point2_.point as point2_1_3_,
        point2_.user_id as user_id3_1_3_ 
    from
        `Comment` comments0_ 
    inner join
        `User` user1_ 
            on comments0_.user_id=user1_.id 
    left outer join
        `Point` point2_ 
            on user1_.id=point2_.user_id 
    where
        comments0_.recipe_id=? 
2023-02-24 20:18:17 [http-nio-8080-exec-7] TRACE o.h.t.d.s.BasicBinder                              - binding parameter [1] as [INTEGER] - [2] 
2023-02-24 20:18:17 [http-nio-8080-exec-8] DEBUG o.h.SQL                                            - 
    select
        recipe0_.`id` as id1_2_,
        recipe0_.`create_date` as create_d2_2_,
        recipe0_.`creator_id` as creator10_2_,
        recipe0_.`description` as descript3_2_,
        recipe0_.`image_url` as image_ur4_2_,
        recipe0_.`name` as name5_2_,
        recipe0_.`note` as note6_2_,
        recipe0_.`point` as point7_2_,
        recipe0_.`processing_steps` as processi8_2_,
        recipe0_.`views` as views9_2_ 
    from
        `Recipe` recipe0_ limit ? 
2023-02-24 20:18:17 [http-nio-8080-exec-8] DEBUG o.h.SQL                                            - 
    select
        user0_.id as id1_7_0_,
        user0_.avatar_url as avatar_u2_7_0_,
        user0_.`birth_date` as birth_da3_7_0_,
        user0_.`email` as email4_7_0_,
        user0_.`first_name` as first_na5_7_0_,
        user0_.`gender` as gender6_7_0_,
        user0_.`last_name` as last_nam7_7_0_,
        user0_.`password` as password8_7_0_,
        user0_.phone as phone9_7_0_,
        user0_.`status` as status10_7_0_,
        user0_.`user_name` as user_na11_7_0_,
        concat(user0_.first_name,
        ' ',
        user0_.last_name) as formula1_0_,
        point1_.id as id1_1_1_,
        point1_.point as point2_1_1_,
        point1_.user_id as user_id3_1_1_ 
    from
        `User` user0_ 
    left outer join
        `Point` point1_ 
            on user0_.id=point1_.user_id 
    where
        user0_.id=? 
2023-02-24 20:18:17 [http-nio-8080-exec-8] TRACE o.h.t.d.s.BasicBinder                              - binding parameter [1] as [INTEGER] - [1] 
2023-02-24 20:18:17 [http-nio-8080-exec-8] DEBUG o.h.SQL                                            - 
    select
        ingredient0_.`recipe_id` as recipe_i5_4_0_,
        ingredient0_.id as id1_4_0_,
        ingredient0_.id as id1_4_1_,
        ingredient0_.`amount` as amount2_4_1_,
        ingredient0_.`name` as name3_4_1_,
        ingredient0_.`recipe_id` as recipe_i5_4_1_,
        ingredient0_.`unit` as unit4_4_1_ 
    from
        `Recipe_Ingredient` ingredient0_ 
    where
        ingredient0_.`recipe_id`=? 
2023-02-24 20:18:17 [http-nio-8080-exec-8] TRACE o.h.t.d.s.BasicBinder                              - binding parameter [1] as [INTEGER] - [2] 
2023-02-24 20:18:17 [http-nio-8080-exec-8] DEBUG o.h.SQL                                            - 
    select
        ingredient0_.`recipe_id` as recipe_i5_4_0_,
        ingredient0_.id as id1_4_0_,
        ingredient0_.id as id1_4_1_,
        ingredient0_.`amount` as amount2_4_1_,
        ingredient0_.`name` as name3_4_1_,
        ingredient0_.`recipe_id` as recipe_i5_4_1_,
        ingredient0_.`unit` as unit4_4_1_ 
    from
        `Recipe_Ingredient` ingredient0_ 
    where
        ingredient0_.`recipe_id`=? 
2023-02-24 20:18:17 [http-nio-8080-exec-8] TRACE o.h.t.d.s.BasicBinder                              - binding parameter [1] as [INTEGER] - [1] 
2023-02-24 20:18:17 [http-nio-8080-exec-8] DEBUG o.h.SQL                                            - 
    select
        comments0_.recipe_id as recipe_i1_0_0_,
        comments0_.user_id as user_id2_0_0_,
        comments0_.recipe_id as recipe_i1_0_1_,
        comments0_.user_id as user_id2_0_1_,
        comments0_.`comment` as comment3_0_1_,
        comments0_.`create_date` as create_d4_0_1_,
        comments0_.`update_date` as update_d5_0_1_,
        user1_.id as id1_7_2_,
        user1_.avatar_url as avatar_u2_7_2_,
        user1_.`birth_date` as birth_da3_7_2_,
        user1_.`email` as email4_7_2_,
        user1_.`first_name` as first_na5_7_2_,
        user1_.`gender` as gender6_7_2_,
        user1_.`last_name` as last_nam7_7_2_,
        user1_.`password` as password8_7_2_,
        user1_.phone as phone9_7_2_,
        user1_.`status` as status10_7_2_,
        user1_.`user_name` as user_na11_7_2_,
        concat(user1_.first_name,
        ' ',
        user1_.last_name) as formula1_2_,
        point2_.id as id1_1_3_,
        point2_.point as point2_1_3_,
        point2_.user_id as user_id3_1_3_ 
    from
        `Comment` comments0_ 
    inner join
        `User` user1_ 
            on comments0_.user_id=user1_.id 
    left outer join
        `Point` point2_ 
            on user1_.id=point2_.user_id 
    where
        comments0_.recipe_id=? 
2023-02-24 20:18:17 [http-nio-8080-exec-8] TRACE o.h.t.d.s.BasicBinder                              - binding parameter [1] as [INTEGER] - [1] 
2023-02-24 20:18:17 [http-nio-8080-exec-8] DEBUG o.h.SQL                                            - 
    select
        comments0_.recipe_id as recipe_i1_0_0_,
        comments0_.user_id as user_id2_0_0_,
        comments0_.recipe_id as recipe_i1_0_1_,
        comments0_.user_id as user_id2_0_1_,
        comments0_.`comment` as comment3_0_1_,
        comments0_.`create_date` as create_d4_0_1_,
        comments0_.`update_date` as update_d5_0_1_,
        user1_.id as id1_7_2_,
        user1_.avatar_url as avatar_u2_7_2_,
        user1_.`birth_date` as birth_da3_7_2_,
        user1_.`email` as email4_7_2_,
        user1_.`first_name` as first_na5_7_2_,
        user1_.`gender` as gender6_7_2_,
        user1_.`last_name` as last_nam7_7_2_,
        user1_.`password` as password8_7_2_,
        user1_.phone as phone9_7_2_,
        user1_.`status` as status10_7_2_,
        user1_.`user_name` as user_na11_7_2_,
        concat(user1_.first_name,
        ' ',
        user1_.last_name) as formula1_2_,
        point2_.id as id1_1_3_,
        point2_.point as point2_1_3_,
        point2_.user_id as user_id3_1_3_ 
    from
        `Comment` comments0_ 
    inner join
        `User` user1_ 
            on comments0_.user_id=user1_.id 
    left outer join
        `Point` point2_ 
            on user1_.id=point2_.user_id 
    where
        comments0_.recipe_id=? 
2023-02-24 20:18:17 [http-nio-8080-exec-8] TRACE o.h.t.d.s.BasicBinder                              - binding parameter [1] as [INTEGER] - [2] 
2023-02-24 20:18:17 [http-nio-8080-exec-9] DEBUG o.h.SQL                                            - 
    select
        recipe0_.`id` as id1_2_,
        recipe0_.`create_date` as create_d2_2_,
        recipe0_.`creator_id` as creator10_2_,
        recipe0_.`description` as descript3_2_,
        recipe0_.`image_url` as image_ur4_2_,
        recipe0_.`name` as name5_2_,
        recipe0_.`note` as note6_2_,
        recipe0_.`point` as point7_2_,
        recipe0_.`processing_steps` as processi8_2_,
        recipe0_.`views` as views9_2_ 
    from
        `Recipe` recipe0_ limit ? 
2023-02-24 20:18:17 [http-nio-8080-exec-9] DEBUG o.h.SQL                                            - 
    select
        user0_.id as id1_7_0_,
        user0_.avatar_url as avatar_u2_7_0_,
        user0_.`birth_date` as birth_da3_7_0_,
        user0_.`email` as email4_7_0_,
        user0_.`first_name` as first_na5_7_0_,
        user0_.`gender` as gender6_7_0_,
        user0_.`last_name` as last_nam7_7_0_,
        user0_.`password` as password8_7_0_,
        user0_.phone as phone9_7_0_,
        user0_.`status` as status10_7_0_,
        user0_.`user_name` as user_na11_7_0_,
        concat(user0_.first_name,
        ' ',
        user0_.last_name) as formula1_0_,
        point1_.id as id1_1_1_,
        point1_.point as point2_1_1_,
        point1_.user_id as user_id3_1_1_ 
    from
        `User` user0_ 
    left outer join
        `Point` point1_ 
            on user0_.id=point1_.user_id 
    where
        user0_.id=? 
2023-02-24 20:18:17 [http-nio-8080-exec-9] TRACE o.h.t.d.s.BasicBinder                              - binding parameter [1] as [INTEGER] - [1] 
2023-02-24 20:18:17 [http-nio-8080-exec-9] DEBUG o.h.SQL                                            - 
    select
        ingredient0_.`recipe_id` as recipe_i5_4_0_,
        ingredient0_.id as id1_4_0_,
        ingredient0_.id as id1_4_1_,
        ingredient0_.`amount` as amount2_4_1_,
        ingredient0_.`name` as name3_4_1_,
        ingredient0_.`recipe_id` as recipe_i5_4_1_,
        ingredient0_.`unit` as unit4_4_1_ 
    from
        `Recipe_Ingredient` ingredient0_ 
    where
        ingredient0_.`recipe_id`=? 
2023-02-24 20:18:17 [http-nio-8080-exec-9] TRACE o.h.t.d.s.BasicBinder                              - binding parameter [1] as [INTEGER] - [2] 
2023-02-24 20:18:17 [http-nio-8080-exec-9] DEBUG o.h.SQL                                            - 
    select
        ingredient0_.`recipe_id` as recipe_i5_4_0_,
        ingredient0_.id as id1_4_0_,
        ingredient0_.id as id1_4_1_,
        ingredient0_.`amount` as amount2_4_1_,
        ingredient0_.`name` as name3_4_1_,
        ingredient0_.`recipe_id` as recipe_i5_4_1_,
        ingredient0_.`unit` as unit4_4_1_ 
    from
        `Recipe_Ingredient` ingredient0_ 
    where
        ingredient0_.`recipe_id`=? 
2023-02-24 20:18:17 [http-nio-8080-exec-9] TRACE o.h.t.d.s.BasicBinder                              - binding parameter [1] as [INTEGER] - [1] 
2023-02-24 20:18:17 [http-nio-8080-exec-9] DEBUG o.h.SQL                                            - 
    select
        comments0_.recipe_id as recipe_i1_0_0_,
        comments0_.user_id as user_id2_0_0_,
        comments0_.recipe_id as recipe_i1_0_1_,
        comments0_.user_id as user_id2_0_1_,
        comments0_.`comment` as comment3_0_1_,
        comments0_.`create_date` as create_d4_0_1_,
        comments0_.`update_date` as update_d5_0_1_,
        user1_.id as id1_7_2_,
        user1_.avatar_url as avatar_u2_7_2_,
        user1_.`birth_date` as birth_da3_7_2_,
        user1_.`email` as email4_7_2_,
        user1_.`first_name` as first_na5_7_2_,
        user1_.`gender` as gender6_7_2_,
        user1_.`last_name` as last_nam7_7_2_,
        user1_.`password` as password8_7_2_,
        user1_.phone as phone9_7_2_,
        user1_.`status` as status10_7_2_,
        user1_.`user_name` as user_na11_7_2_,
        concat(user1_.first_name,
        ' ',
        user1_.last_name) as formula1_2_,
        point2_.id as id1_1_3_,
        point2_.point as point2_1_3_,
        point2_.user_id as user_id3_1_3_ 
    from
        `Comment` comments0_ 
    inner join
        `User` user1_ 
            on comments0_.user_id=user1_.id 
    left outer join
        `Point` point2_ 
            on user1_.id=point2_.user_id 
    where
        comments0_.recipe_id=? 
2023-02-24 20:18:17 [http-nio-8080-exec-9] TRACE o.h.t.d.s.BasicBinder                              - binding parameter [1] as [INTEGER] - [1] 
2023-02-24 20:18:17 [http-nio-8080-exec-9] DEBUG o.h.SQL                                            - 
    select
        comments0_.recipe_id as recipe_i1_0_0_,
        comments0_.user_id as user_id2_0_0_,
        comments0_.recipe_id as recipe_i1_0_1_,
        comments0_.user_id as user_id2_0_1_,
        comments0_.`comment` as comment3_0_1_,
        comments0_.`create_date` as create_d4_0_1_,
        comments0_.`update_date` as update_d5_0_1_,
        user1_.id as id1_7_2_,
        user1_.avatar_url as avatar_u2_7_2_,
        user1_.`birth_date` as birth_da3_7_2_,
        user1_.`email` as email4_7_2_,
        user1_.`first_name` as first_na5_7_2_,
        user1_.`gender` as gender6_7_2_,
        user1_.`last_name` as last_nam7_7_2_,
        user1_.`password` as password8_7_2_,
        user1_.phone as phone9_7_2_,
        user1_.`status` as status10_7_2_,
        user1_.`user_name` as user_na11_7_2_,
        concat(user1_.first_name,
        ' ',
        user1_.last_name) as formula1_2_,
        point2_.id as id1_1_3_,
        point2_.point as point2_1_3_,
        point2_.user_id as user_id3_1_3_ 
    from
        `Comment` comments0_ 
    inner join
        `User` user1_ 
            on comments0_.user_id=user1_.id 
    left outer join
        `Point` point2_ 
            on user1_.id=point2_.user_id 
    where
        comments0_.recipe_id=? 
2023-02-24 20:18:17 [http-nio-8080-exec-9] TRACE o.h.t.d.s.BasicBinder                              - binding parameter [1] as [INTEGER] - [2] 
2023-02-24 20:18:25 [http-nio-8080-exec-10] DEBUG o.h.SQL                                            - 
    select
        user0_.id as col_0_0_ 
    from
        `User` user0_ 
    where
        user0_.`email`=? limit ? 
2023-02-24 20:18:25 [http-nio-8080-exec-10] TRACE o.h.t.d.s.BasicBinder                              - binding parameter [1] as [VARCHAR] - [nguyenquytruong04@gmail.com] 
2023-02-24 20:18:27 [http-nio-8080-exec-2] DEBUG o.h.SQL                                            - 
    select
        user0_.id as col_0_0_ 
    from
        `User` user0_ 
    where
        user0_.`email`=? limit ? 
2023-02-24 20:18:27 [http-nio-8080-exec-2] TRACE o.h.t.d.s.BasicBinder                              - binding parameter [1] as [VARCHAR] - [nguyenquytruong04@gmail.com] 
2023-02-24 20:18:27 [http-nio-8080-exec-4] DEBUG o.h.SQL                                            - 
    select
        user0_.id as col_0_0_ 
    from
        `User` user0_ 
    where
        user0_.`email`=? limit ? 
2023-02-24 20:18:27 [http-nio-8080-exec-4] TRACE o.h.t.d.s.BasicBinder                              - binding parameter [1] as [VARCHAR] - [nguyenquytruong04@gmail.com] 
2023-02-24 20:18:27 [http-nio-8080-exec-6] DEBUG o.h.SQL                                            - 
    select
        user0_.id as col_0_0_ 
    from
        `User` user0_ 
    where
        user0_.`email`=? limit ? 
2023-02-24 20:18:27 [http-nio-8080-exec-6] TRACE o.h.t.d.s.BasicBinder                              - binding parameter [1] as [VARCHAR] - [nguyenquytruong04@gmail.com] 
2023-02-24 20:18:27 [http-nio-8080-exec-8] DEBUG o.h.SQL                                            - 
    select
        user0_.id as col_0_0_ 
    from
        `User` user0_ 
    where
        user0_.`email`=? limit ? 
2023-02-24 20:18:27 [http-nio-8080-exec-8] TRACE o.h.t.d.s.BasicBinder                              - binding parameter [1] as [VARCHAR] - [nguyenquytruong04@gmail.com] 
2023-02-24 20:18:28 [http-nio-8080-exec-10] DEBUG o.h.SQL                                            - 
    select
        user0_.id as col_0_0_ 
    from
        `User` user0_ 
    where
        user0_.`email`=? limit ? 
2023-02-24 20:18:28 [http-nio-8080-exec-10] TRACE o.h.t.d.s.BasicBinder                              - binding parameter [1] as [VARCHAR] - [nguyenquytruong04@gmail.com] 
2023-02-24 20:18:28 [http-nio-8080-exec-2] DEBUG o.h.SQL                                            - 
    select
        user0_.id as col_0_0_ 
    from
        `User` user0_ 
    where
        user0_.`email`=? limit ? 
2023-02-24 20:18:28 [http-nio-8080-exec-2] TRACE o.h.t.d.s.BasicBinder                              - binding parameter [1] as [VARCHAR] - [nguyenquytruong04@gmail.com] 
2023-02-24 20:18:28 [http-nio-8080-exec-4] DEBUG o.h.SQL                                            - 
    select
        user0_.id as col_0_0_ 
    from
        `User` user0_ 
    where
        user0_.`email`=? limit ? 
2023-02-24 20:18:28 [http-nio-8080-exec-4] TRACE o.h.t.d.s.BasicBinder                              - binding parameter [1] as [VARCHAR] - [nguyenquytruong04@gmail.com] 
2023-02-24 20:18:30 [http-nio-8080-exec-6] DEBUG o.h.SQL                                            - 
    select
        user0_.id as col_0_0_ 
    from
        `User` user0_ 
    where
        user0_.`email`=? limit ? 
2023-02-24 20:18:30 [http-nio-8080-exec-6] TRACE o.h.t.d.s.BasicBinder                              - binding parameter [1] as [VARCHAR] - [nguyenquytruong04@gmail.com] 
